<?xml version="1.0" encoding="UTF-8"?>
<!-- Generated by org.testng.reporters.JUnitXMLReporter -->
<testsuite ignored="0" hostname="LAPTOP-2S11OBNS" failures="0" tests="4" name="Default test" time="8.643" errors="0" timestamp="2024-06-23T17:48:53 IST">
  <testcase classname="api.testcases.UserTest_fakerData2" name="createUser" time="3.124"/>
  <testcase classname="api.testcases.UserTest_fakerData2" name="getUser" time="1.603"/>
  <testcase classname="api.testcases.UserTest_fakerData2" name="updateUser" time="1.633"/>
  <testcase classname="api.testcases.UserTest_fakerData2" name="deleteUser" time="1.536"/>
</testsuite> <!-- Default test -->
