<?xml version="1.0" encoding="UTF-8"?>
<!-- Generated by org.testng.reporters.JUnitXMLReporter -->
<testsuite ignored="0" hostname="LAPTOP-2S11OBNS" failures="0" tests="4" name="Test" time="8.077" errors="0" timestamp="2024-06-23T17:32:36 IST">
  <testcase classname="api.testcases.UserTest_fakerData" name="createUser" time="2.812"/>
  <testcase classname="api.testcases.UserTest_fakerData" name="getUser" time="1.552"/>
  <testcase classname="api.testcases.UserTest_fakerData" name="updateUser" time="1.537"/>
  <testcase classname="api.testcases.UserTest_fakerData" name="deleteUser" time="1.438"/>
</testsuite> <!-- Test -->
