<?xml version="1.0" encoding="UTF-8"?>
<testng-results ignored="0" total="4" passed="4" failed="0" skipped="0">
  <reporter-output>
  </reporter-output>
  <suite started-at="2024-06-23T17:48:44 IST" name="Default suite" finished-at="2024-06-23T17:48:53 IST" duration-ms="8643">
    <groups>
    </groups>
    <test started-at="2024-06-23T17:48:44 IST" name="Default test" finished-at="2024-06-23T17:48:53 IST" duration-ms="8643">
      <class name="api.testcases.UserTest_fakerData2">
        <test-method is-config="true" signature="generateTestData()[pri:0, instance:api.testcases.UserTest_fakerData2@5e0e82ae]" started-at="2024-06-23T17:48:44 IST" name="generateTestData" finished-at="2024-06-23T17:48:45 IST" duration-ms="697" status="PASS">
          <reporter-output>
          </reporter-output>
        </test-method> <!-- generateTestData -->
        <test-method signature="createUser()[pri:1, instance:api.testcases.UserTest_fakerData2@5e0e82ae]" started-at="2024-06-23T17:48:45 IST" name="createUser" finished-at="2024-06-23T17:48:48 IST" duration-ms="3124" status="PASS">
          <reporter-output>
          </reporter-output>
        </test-method> <!-- createUser -->
        <test-method signature="getUser()[pri:2, instance:api.testcases.UserTest_fakerData2@5e0e82ae]" started-at="2024-06-23T17:48:48 IST" name="getUser" finished-at="2024-06-23T17:48:50 IST" duration-ms="1603" status="PASS">
          <reporter-output>
          </reporter-output>
        </test-method> <!-- getUser -->
        <test-method signature="updateUser()[pri:3, instance:api.testcases.UserTest_fakerData2@5e0e82ae]" started-at="2024-06-23T17:48:50 IST" name="updateUser" finished-at="2024-06-23T17:48:51 IST" duration-ms="1633" status="PASS">
          <reporter-output>
          </reporter-output>
        </test-method> <!-- updateUser -->
        <test-method signature="deleteUser()[pri:4, instance:api.testcases.UserTest_fakerData2@5e0e82ae]" started-at="2024-06-23T17:48:51 IST" name="deleteUser" finished-at="2024-06-23T17:48:53 IST" duration-ms="1536" status="PASS">
          <reporter-output>
          </reporter-output>
        </test-method> <!-- deleteUser -->
      </class> <!-- api.testcases.UserTest_fakerData2 -->
    </test> <!-- Default test -->
  </suite> <!-- Default suite -->
</testng-results>
